0 verbose cli /usr/local/bin/node /usr/local/bin/npm
1 info using npm@10.9.7
2 info using node@v22.22.2
3 silly config load:file:/usr/local/lib/node_modules/npm/npmrc
4 silly config load:file:/home/app/.npmrc
5 silly config load:file:/usr/local/etc/npmrc
6 verbose title npm i jwt-decode
7 verbose argv "i" "jwt-decode"
8 verbose logfile logs-max:10 dir:/home/app/.npm/_logs/2026-04-23T11_48_44_473Z-
9 verbose logfile /home/app/.npm/_logs/2026-04-23T11_48_44_473Z-debug-0.log
10 silly logfile start cleaning logs, removing 1 files
11 silly packumentCache heap:4345298944 maxSize:1086324736 maxEntrySize:543162368
12 silly logfile done cleaning log files
13 silly idealTree buildDeps
14 silly fetch manifest jwt-decode@^4.0.0
15 silly packumentCache full:https://registry.npmjs.org/jwt-decode cache-miss
16 http fetch GET 200 https://registry.npmjs.org/jwt-decode 1443ms (cache revalidated)
17 silly packumentCache full:https://registry.npmjs.org/jwt-decode set size:132392 disposed:false
18 silly placeDep ROOT jwt-decode@4.0.0 REPLACE for: assurmobile@1.0.0 want: ^4.0.0
19 silly reify moves {}
20 silly audit bulk request {
20 silly audit   '@0no-co/graphql.web': [ '1.2.0' ],
20 silly audit   '@babel/code-frame': [ '7.29.0', '7.10.4' ],
20 silly audit   '@babel/compat-data': [ '7.29.0' ],
20 silly audit   '@babel/core': [ '7.29.0' ],
20 silly audit   '@babel/generator': [ '7.29.1' ],
20 silly audit   '@babel/helper-annotate-as-pure': [ '7.27.3' ],
20 silly audit   '@babel/helper-compilation-targets': [ '7.28.6' ],
20 silly audit   '@babel/helper-create-class-features-plugin': [ '7.28.6' ],
20 silly audit   '@babel/helper-create-regexp-features-plugin': [ '7.28.5' ],
20 silly audit   '@babel/helper-define-polyfill-provider': [ '0.6.8' ],
20 silly audit   resolve: [ '1.22.12', '1.7.1', '2.0.0-next.6' ],
20 silly audit   '@babel/helper-globals': [ '7.28.0' ],
20 silly audit   '@babel/helper-member-expression-to-functions': [ '7.28.5' ],
20 silly audit   '@babel/helper-module-imports': [ '7.28.6' ],
20 silly audit   '@babel/helper-module-transforms': [ '7.28.6' ],
20 silly audit   '@babel/helper-optimise-call-expression': [ '7.27.1' ],
20 silly audit   '@babel/helper-plugin-utils': [ '7.28.6' ],
20 silly audit   '@babel/helper-remap-async-to-generator': [ '7.27.1' ],
20 silly audit   '@babel/helper-replace-supers': [ '7.28.6' ],
20 silly audit   '@babel/helper-skip-transparent-expression-wrappers': [ '7.27.1' ],
20 silly audit   '@babel/helper-string-parser': [ '7.27.1' ],
20 silly audit   '@babel/helper-validator-identifier': [ '7.28.5' ],
20 silly audit   '@babel/helper-validator-option': [ '7.27.1' ],
20 silly audit   '@babel/helper-wrap-function': [ '7.28.6' ],
20 silly audit   '@babel/helpers': [ '7.29.2' ],
20 silly audit   '@babel/highlight': [ '7.25.9' ],
20 silly audit   'ansi-styles': [ '3.2.1', '4.3.0', '5.2.0' ],
20 silly audit   chalk: [ '2.4.2', '4.1.2' ],
20 silly audit   'color-convert': [ '1.9.3', '2.0.1' ],
20 silly audit   'color-name': [ '1.1.3', '1.1.4' ],
20 silly audit   'escape-string-regexp': [ '1.0.5', '4.0.0', '2.0.0' ],
20 silly audit   'has-flag': [ '3.0.0', '4.0.0' ],
20 silly audit   'supports-color': [ '5.5.0', '8.1.1', '7.2.0' ],
20 silly audit   '@babel/parser': [ '7.29.2' ],
20 silly audit   '@babel/plugin-proposal-decorators': [ '7.29.0' ],
20 silly audit   '@babel/plugin-proposal-export-default-from': [ '7.27.1' ],
20 silly audit   '@babel/plugin-syntax-async-generators': [ '7.8.4' ],
20 silly audit   '@babel/plugin-syntax-bigint': [ '7.8.3' ],
20 silly audit   '@babel/plugin-syntax-class-properties': [ '7.12.13' ],
20 silly audit   '@babel/plugin-syntax-class-static-block': [ '7.14.5' ],
20 silly audit   '@babel/plugin-syntax-decorators': [ '7.28.6' ],
20 silly audit   '@babel/plugin-syntax-dynamic-import': [ '7.8.3' ],
20 silly audit   '@babel/plugin-syntax-export-default-from': [ '7.28.6' ],
20 silly audit   '@babel/plugin-syntax-flow': [ '7.28.6' ],
20 silly audit   '@babel/plugin-syntax-import-attributes': [ '7.28.6' ],
20 silly audit   '@babel/plugin-syntax-import-meta': [ '7.10.4' ],
20 silly audit   '@babel/plugin-syntax-json-strings': [ '7.8.3' ],
20 silly audit   '@babel/plugin-syntax-jsx': [ '7.28.6' ],
20 silly audit   '@babel/plugin-syntax-logical-assignment-operators': [ '7.10.4' ],
20 silly audit   '@babel/plugin-syntax-nullish-coalescing-operator': [ '7.8.3' ],
20 silly audit   '@babel/plugin-syntax-numeric-separator': [ '7.10.4' ],
20 silly audit   '@babel/plugin-syntax-object-rest-spread': [ '7.8.3' ],
20 silly audit   '@babel/plugin-syntax-optional-catch-binding': [ '7.8.3' ],
20 silly audit   '@babel/plugin-syntax-optional-chaining': [ '7.8.3' ],
20 silly audit   '@babel/plugin-syntax-private-property-in-object': [ '7.14.5' ],
20 silly audit   '@babel/plugin-syntax-top-level-await': [ '7.14.5' ],
20 silly audit   '@babel/plugin-syntax-typescript': [ '7.28.6' ],
20 silly audit   '@babel/plugin-transform-arrow-functions': [ '7.27.1' ],
20 silly audit   '@babel/plugin-transform-async-generator-functions': [ '7.29.0' ],
20 silly audit   '@babel/plugin-transform-async-to-generator': [ '7.28.6' ],
20 silly audit   '@babel/plugin-transform-block-scoping': [ '7.28.6' ],
20 silly audit   '@babel/plugin-transform-class-properties': [ '7.28.6' ],
20 silly audit   '@babel/plugin-transform-class-static-block': [ '7.28.6' ],
20 silly audit   '@babel/plugin-transform-classes': [ '7.28.6' ],
20 silly audit   '@babel/plugin-transform-computed-properties': [ '7.28.6' ],
20 silly audit   '@babel/plugin-transform-destructuring': [ '7.28.5' ],
20 silly audit   '@babel/plugin-transform-export-namespace-from': [ '7.27.1' ],
20 silly audit   '@babel/plugin-transform-flow-strip-types': [ '7.27.1' ],
20 silly audit   '@babel/plugin-transform-for-of': [ '7.27.1' ],
20 silly audit   '@babel/plugin-transform-function-name': [ '7.27.1' ],
20 silly audit   '@babel/plugin-transform-literals': [ '7.27.1' ],
20 silly audit   '@babel/plugin-transform-logical-assignment-operators': [ '7.28.6' ],
20 silly audit   '@babel/plugin-transform-modules-commonjs': [ '7.28.6' ],
20 silly audit   '@babel/plugin-transform-named-capturing-groups-regex': [ '7.29.0' ],
20 silly audit   '@babel/plugin-transform-nullish-coalescing-operator': [ '7.28.6' ],
20 silly audit   '@babel/plugin-transform-numeric-separator': [ '7.28.6' ],
20 silly audit   '@babel/plugin-transform-object-rest-spread': [ '7.28.6' ],
20 silly audit   '@babel/plugin-transform-optional-catch-binding': [ '7.28.6' ],
20 silly audit   '@babel/plugin-transform-optional-chaining': [ '7.28.6' ],
20 silly audit   '@babel/plugin-transform-parameters': [ '7.27.7' ],
20 silly audit   '@babel/plugin-transform-private-methods': [ '7.28.6' ],
20 silly audit   '@babel/plugin-transform-private-property-in-object': [ '7.28.6' ],
20 silly audit   '@babel/plugin-transform-react-display-name': [ '7.28.0' ],
20 silly audit   '@babel/plugin-transform-react-jsx': [ '7.28.6' ],
20 silly audit   '@babel/plugin-transform-react-jsx-development': [ '7.27.1' ],
20 silly audit   '@babel/plugin-transform-react-jsx-self': [ '7.27.1' ],
20 silly audit   '@babel/plugin-transform-react-jsx-source': [ '7.27.1' ],
20 silly audit   '@babel/plugin-transform-react-pure-annotations': [ '7.27.1' ],
20 silly audit   '@babel/plugin-transform-regenerator': [ '7.29.0' ],
20 silly audit   '@babel/plugin-transform-runtime': [ '7.29.0' ],
20 silly audit   '@babel/plugin-transform-shorthand-properties': [ '7.27.1' ],
20 silly audit   '@babel/plugin-transform-spread': [ '7.28.6' ],
20 silly audit   '@babel/plugin-transform-sticky-regex': [ '7.27.1' ],
20 silly audit   '@babel/plugin-transform-template-literals': [ '7.27.1' ],
20 silly audit   '@babel/plugin-transform-typescript': [ '7.28.6' ],
20 silly audit   '@babel/plugin-transform-unicode-regex': [ '7.27.1' ],
20 silly audit   '@babel/preset-react': [ '7.28.5' ],
20 silly audit   '@babel/preset-typescript': [ '7.28.5' ],
20 silly audit   '@babel/runtime': [ '7.29.2' ],
20 silly audit   '@babel/template': [ '7.28.6' ],
20 silly audit   '@babel/traverse': [ '7.29.0' ],
20 silly audit   '@babel/types': [ '7.29.0' ],
20 silly audit   '@callstack/react-theme-provider': [ '3.0.9' ],
20 silly audit   deepmerge: [ '3.3.0', '4.3.1' ],
20 silly audit   '@egjs/hammerjs': [ '2.0.17' ],
20 silly audit   '@emnapi/core': [ '1.10.0' ],
20 silly audit   '@emnapi/runtime': [ '1.10.0' ],
20 silly audit   '@emnapi/wasi-threads': [ '1.2.1' ],
20 silly audit   '@eslint-community/eslint-utils': [ '4.9.1' ],
20 silly audit   'eslint-visitor-keys': [ '3.4.3', '5.0.1', '4.2.1' ],
20 silly audit   '@eslint-community/regexpp': [ '4.12.2' ],
20 silly audit   '@eslint/config-array': [ '0.21.2' ],
20 silly audit   '@eslint/config-helpers': [ '0.4.2' ],
20 silly audit   '@eslint/core': [ '0.17.0' ],
20 silly audit   '@eslint/eslintrc': [ '3.3.5' ],
20 silly audit   '@eslint/js': [ '9.39.4' ],
20 silly audit   '@eslint/object-schema': [ '2.1.7' ],
20 silly audit   '@eslint/plugin-kit': [ '0.4.1' ],
20 silly audit   '@expo/code-signing-certificates': [ '0.0.6' ],
20 silly audit   '@expo/config': [ '12.0.13' ],
20 silly audit   '@expo/config-plugins': [ '54.0.4' ],
20 silly audit   semver: [ '7.7.4', '7.6.3', '7.7.2', '6.3.1' ],
20 silly audit   '@expo/config-types': [ '54.0.10' ],
20 silly audit   '@expo/devcert': [ '1.2.1' ],
20 silly audit   debug: [ '3.2.7', '2.6.9', '4.4.3' ],
20 silly audit   '@expo/devtools': [ '0.1.8' ],
20 silly audit   '@expo/env': [ '2.0.11' ],
20 silly audit   '@expo/fingerprint': [ '0.15.4' ],
20 silly audit   'brace-expansion': [ '2.1.0', '5.0.5', '1.1.14' ],
20 silly audit   minimatch: [ '9.0.9', '10.2.5', '3.1.5' ],
20 silly audit   '@expo/image-utils': [ '0.8.13' ],
20 silly audit   '@expo/json-file': [ '10.0.13' ],
20 silly audit   '@expo/metro': [ '54.2.0' ],
20 silly audit   '@expo/metro-config': [ '54.0.14' ],
20 silly audit   '@expo/metro-runtime': [ '6.1.2' ],
20 silly audit   '@expo/ngrok': [ '4.1.3' ],
20 silly audit   '@expo/ngrok-bin': [ '2.3.42' ],
20 silly audit   '@expo/ngrok-bin-darwin-arm64': [ '2.3.41' ],
20 silly audit   '@expo/ngrok-bin-darwin-x64': [ '2.3.41' ],
20 silly audit   '@expo/ngrok-bin-freebsd-ia32': [ '2.3.41' ],
20 silly audit   '@expo/ngrok-bin-freebsd-x64': [ '2.3.41' ],
20 silly audit   '@expo/ngrok-bin-linux-arm': [ '2.3.41' ],
20 silly audit   '@expo/ngrok-bin-linux-arm64': [ '2.3.41' ],
20 silly audit   '@expo/ngrok-bin-linux-ia32': [ '2.3.41' ],
20 silly audit   '@expo/ngrok-bin-linux-x64': [ '2.3.41' ],
20 silly audit   '@expo/ngrok-bin-sunos-x64': [ '2.3.41' ],
20 silly audit   '@expo/ngrok-bin-win32-ia32': [ '2.3.41' ],
20 silly audit   '@expo/ngrok-bin-win32-x64': [ '2.3.41' ],
20 silly audit   uuid: [ '3.4.0', '7.0.3' ],
20 silly audit   yaml: [ '1.10.3', '2.8.3' ],
20 silly audit   '@expo/osascript': [ '2.4.2' ],
20 silly audit   '@expo/package-manager': [ '1.10.4' ],
20 silly audit   '@expo/plist': [ '0.4.8' ],
20 silly audit   '@expo/prebuild-config': [ '54.0.8' ],
20 silly audit   '@expo/require-utils': [ '55.0.4' ],
20 silly audit   '@expo/schema-utils': [ '0.1.8' ],
20 silly audit   '@expo/sdk-runtime-versions': [ '1.0.0' ],
20 silly audit   '@expo/spawn-async': [ '1.7.2' ],
20 silly audit   '@expo/sudo-prompt': [ '9.3.2' ],
20 silly audit   '@expo/vector-icons': [ '15.1.1' ],
20 silly audit   '@expo/ws-tunnel': [ '1.0.6' ],
20 silly audit   '@expo/xcpretty': [ '4.4.3' ],
20 silly audit   '@humanfs/core': [ '0.19.2' ],
20 silly audit   '@humanfs/node': [ '0.16.8' ],
20 silly audit   '@humanfs/types': [ '0.15.0' ],
20 silly audit   '@humanwhocodes/module-importer': [ '1.0.1' ],
20 silly audit   '@humanwhocodes/retry': [ '0.4.3' ],
20 silly audit   '@isaacs/fs-minipass': [ '4.0.1' ],
20 silly audit   '@isaacs/ttlcache': [ '1.4.1' ],
20 silly audit   '@istanbuljs/load-nyc-config': [ '1.1.0' ],
20 silly audit   argparse: [ '1.0.10', '2.0.1' ],
20 silly audit   camelcase: [ '5.3.1', '6.3.0' ],
20 silly audit   'find-up': [ '4.1.0', '5.0.0' ],
20 silly audit   'js-yaml': [ '3.14.2', '4.1.1' ],
20 silly audit   'locate-path': [ '5.0.0', '6.0.0' ],
20 silly audit   'p-limit': [ '2.3.0', '3.1.0' ],
20 silly audit   'p-locate': [ '4.1.0', '5.0.0' ],
20 silly audit   '@istanbuljs/schema': [ '0.1.6' ],
20 silly audit   '@jest/create-cache-key-function': [ '29.7.0' ],
20 silly audit   '@jest/environment': [ '29.7.0' ],
20 silly audit   '@jest/fake-timers': [ '29.7.0' ],
20 silly audit   '@jest/schemas': [ '29.6.3' ],
20 silly audit   '@jest/transform': [ '29.7.0' ],
20 silly audit   '@jest/types': [ '29.6.3' ],
20 silly audit   '@jridgewell/gen-mapping': [ '0.3.13' ],
20 silly audit   '@jridgewell/remapping': [ '2.3.5' ],
20 silly audit   '@jridgewell/resolve-uri': [ '3.1.2' ],
20 silly audit   '@jridgewell/source-map': [ '0.3.11' ],
20 silly audit   '@jridgewell/sourcemap-codec': [ '1.5.5' ],
20 silly audit   '@jridgewell/trace-mapping': [ '0.3.31' ],
20 silly audit   '@napi-rs/wasm-runtime': [ '0.2.12' ],
20 silly audit   '@nolyfill/is-core-module': [ '1.0.39' ],
20 silly audit   '@radix-ui/primitive': [ '1.1.3' ],
20 silly audit   '@radix-ui/react-compose-refs': [ '1.1.2' ],
20 silly audit   '@radix-ui/react-context': [ '1.1.2' ],
20 silly audit   '@radix-ui/react-direction': [ '1.1.1' ],
20 silly audit   '@radix-ui/react-focus-guards': [ '1.1.3' ],
20 silly audit   '@radix-ui/react-id': [ '1.1.1' ],
20 silly audit   '@radix-ui/react-slot': [ '1.2.0', '1.2.3' ],
20 silly audit   '@radix-ui/react-use-callback-ref': [ '1.1.1' ],
20 silly audit   '@radix-ui/react-use-controllable-state': [ '1.2.2' ],
20 silly audit   '@radix-ui/react-use-effect-event': [ '0.0.2' ],
20 silly audit   '@radix-ui/react-use-escape-keydown': [ '1.1.1' ],
20 silly audit   '@radix-ui/react-use-layout-effect': [ '1.1.1' ],
20 silly audit   '@react-native-async-storage/async-storage': [ '3.0.2' ],
20 silly audit   '@react-native/assets-registry': [ '0.81.5' ],
20 silly audit   '@react-native/babel-plugin-codegen': [ '0.81.5' ],
20 silly audit   '@react-native/babel-preset': [ '0.81.5' ],
20 silly audit   '@react-native/codegen': [ '0.81.5' ],
20 silly audit   glob: [ '7.2.3', '13.0.6' ],
20 silly audit   '@react-native/community-cli-plugin': [ '0.81.5' ],
20 silly audit   '@react-native/debugger-frontend': [ '0.81.5' ],
20 silly audit   '@react-native/dev-middleware': [ '0.81.5' ],
20 silly audit   ws: [ '6.2.3', '8.20.0', '7.5.10' ],
20 silly audit   '@react-native/gradle-plugin': [ '0.81.5' ],
20 silly audit   '@react-native/js-polyfills': [ '0.81.5' ],
20 silly audit   '@react-native/normalize-colors': [ '0.81.5', '0.74.89' ],
20 silly audit   '@react-navigation/bottom-tabs': [ '7.15.9' ],
20 silly audit   '@react-navigation/core': [ '7.17.2' ],
20 silly audit   '@react-navigation/elements': [ '2.9.14' ],
20 silly audit   '@react-navigation/native': [ '7.2.2' ],
20 silly audit   '@react-navigation/native-stack': [ '7.14.11' ],
20 silly audit   '@react-navigation/routers': [ '7.5.3' ],
20 silly audit   '@rtsao/scc': [ '1.1.0' ],
20 silly audit   '@sinclair/typebox': [ '0.27.10' ],
20 silly audit   '@sindresorhus/is': [ '4.6.0' ],
20 silly audit   '@sinonjs/commons': [ '3.0.1' ],
20 silly audit   '@sinonjs/fake-timers': [ '10.3.0' ],
20 silly audit   '@szmarczak/http-timer': [ '4.0.6' ],
20 silly audit   '@tybys/wasm-util': [ '0.10.1' ],
20 silly audit   '@types/babel__core': [ '7.20.5' ],
20 silly audit   '@types/babel__generator': [ '7.27.0' ],
20 silly audit   '@types/babel__template': [ '7.4.4' ],
20 silly audit   '@types/babel__traverse': [ '7.28.0' ],
20 silly audit   '@types/cacheable-request': [ '6.0.3' ],
20 silly audit   '@types/estree': [ '1.0.8' ],
20 silly audit   '@types/graceful-fs': [ '4.1.9' ],
20 silly audit   '@types/hammerjs': [ '2.0.46' ],
20 silly audit   '@types/http-cache-semantics': [ '4.2.0' ],
20 silly audit   '@types/istanbul-lib-coverage': [ '2.0.6' ],
20 silly audit   '@types/istanbul-lib-report': [ '3.0.3' ],
20 silly audit   '@types/istanbul-reports': [ '3.0.4' ],
20 silly audit   '@types/json-schema': [ '7.0.15' ],
20 silly audit   '@types/json5': [ '0.0.29' ],
20 silly audit   '@types/keyv': [ '3.1.4' ],
20 silly audit   '@types/node': [ '25.6.0' ],
20 silly audit   '@types/react': [ '19.1.17' ],
20 silly audit   '@types/responselike': [ '1.0.3' ],
20 silly audit   '@types/stack-utils': [ '2.0.3' ],
20 silly audit   '@types/yargs': [ '17.0.35' ],
20 silly audit   '@types/yargs-parser': [ '21.0.3' ],
20 silly audit   '@typescript-eslint/eslint-plugin': [ '8.59.0' ],
20 silly audit   ignore: [ '7.0.5', '5.3.2' ],
20 silly audit   '@typescript-eslint/parser': [ '8.59.0' ],
20 silly audit   '@typescript-eslint/project-service': [ '8.59.0' ],
20 silly audit   '@typescript-eslint/scope-manager': [ '8.59.0' ],
20 silly audit   '@typescript-eslint/tsconfig-utils': [ '8.59.0' ],
20 silly audit   '@typescript-eslint/type-utils': [ '8.59.0' ],
20 silly audit   '@typescript-eslint/types': [ '8.59.0' ],
20 silly audit   '@typescript-eslint/typescript-estree': [ '8.59.0' ],
20 silly audit   'balanced-match': [ '4.0.4', '1.0.2' ],
20 silly audit   '@typescript-eslint/utils': [ '8.59.0' ],
20 silly audit   '@typescript-eslint/visitor-keys': [ '8.59.0' ],
20 silly audit   '@ungap/structured-clone': [ '1.3.0' ],
20 silly audit   '@unrs/resolver-binding-android-arm-eabi': [ '1.11.1' ],
20 silly audit   '@unrs/resolver-binding-android-arm64': [ '1.11.1' ],
20 silly audit   '@unrs/resolver-binding-darwin-arm64': [ '1.11.1' ],
20 silly audit   '@unrs/resolver-binding-darwin-x64': [ '1.11.1' ],
20 silly audit   '@unrs/resolver-binding-freebsd-x64': [ '1.11.1' ],
20 silly audit   '@unrs/resolver-binding-linux-arm-gnueabihf': [ '1.11.1' ],
20 silly audit   '@unrs/resolver-binding-linux-arm-musleabihf': [ '1.11.1' ],
20 silly audit   '@unrs/resolver-binding-linux-arm64-gnu': [ '1.11.1' ],
20 silly audit   '@unrs/resolver-binding-linux-arm64-musl': [ '1.11.1' ],
20 silly audit   '@unrs/resolver-binding-linux-ppc64-gnu': [ '1.11.1' ],
20 silly audit   '@unrs/resolver-binding-linux-riscv64-gnu': [ '1.11.1' ],
20 silly audit   '@unrs/resolver-binding-linux-riscv64-musl': [ '1.11.1' ],
20 silly audit   '@unrs/resolver-binding-linux-s390x-gnu': [ '1.11.1' ],
20 silly audit   '@unrs/resolver-binding-linux-x64-gnu': [ '1.11.1' ],
20 silly audit   '@unrs/resolver-binding-linux-x64-musl': [ '1.11.1' ],
20 silly audit   '@unrs/resolver-binding-wasm32-wasi': [ '1.11.1' ],
20 silly audit   '@unrs/resolver-binding-win32-arm64-msvc': [ '1.11.1' ],
20 silly audit   '@unrs/resolver-binding-win32-ia32-msvc': [ '1.11.1' ],
20 silly audit   '@unrs/resolver-binding-win32-x64-msvc': [ '1.11.1' ],
20 silly audit   '@urql/core': [ '5.2.0' ],
20 silly audit   '@urql/exchange-retry': [ '1.3.2' ],
20 silly audit   '@xmldom/xmldom': [ '0.8.13' ],
20 silly audit   'abort-controller': [ '3.0.0' ],
20 silly audit   accepts: [ '1.3.8' ],
20 silly audit   acorn: [ '8.16.0' ],
20 silly audit   'acorn-jsx': [ '5.3.2' ],
20 silly audit   'agent-base': [ '7.1.4' ],
20 silly audit   ajv: [ '6.14.0' ],
20 silly audit   anser: [ '1.4.10' ],
20 silly audit   'ansi-escapes': [ '4.3.2' ],
20 silly audit   'type-fest': [ '0.21.3', '0.7.1' ],
20 silly audit   'ansi-regex': [ '5.0.1', '4.1.1' ],
20 silly audit   'any-promise': [ '1.3.0' ],
20 silly audit   anymatch: [ '3.1.3' ],
20 silly audit   arg: [ '5.0.2' ],
20 silly audit   'aria-hidden': [ '1.2.6' ],
20 silly audit   'array-buffer-byte-length': [ '1.0.2' ],
20 silly audit   'array-includes': [ '3.1.9' ],
20 silly audit   'array.prototype.findlast': [ '1.2.5' ],
20 silly audit   'array.prototype.findlastindex': [ '1.2.6' ],
20 silly audit   'array.prototype.flat': [ '1.3.3' ],
20 silly audit   'array.prototype.flatmap': [ '1.3.3' ],
20 silly audit   'array.prototype.tosorted': [ '1.1.4' ],
20 silly audit   'arraybuffer.prototype.slice': [ '1.0.4' ],
20 silly audit   asap: [ '2.0.6' ],
20 silly audit   'async-function': [ '1.0.0' ],
20 silly audit   'async-limiter': [ '1.0.1' ],
20 silly audit   'available-typed-arrays': [ '1.0.7' ],
20 silly audit   'babel-jest': [ '29.7.0' ],
20 silly audit   'babel-plugin-istanbul': [ '6.1.1' ],
20 silly audit   'babel-plugin-jest-hoist': [ '29.6.3' ],
20 silly audit   'babel-plugin-polyfill-corejs2': [ '0.4.17' ],
20 silly audit   'babel-plugin-polyfill-corejs3': [ '0.13.0' ],
20 silly audit   'babel-plugin-polyfill-regenerator': [ '0.6.8' ],
20 silly audit   'babel-plugin-react-compiler': [ '1.0.0' ],
20 silly audit   'babel-plugin-react-native-web': [ '0.21.2' ],
20 silly audit   'babel-plugin-syntax-hermes-parser': [ '0.29.1' ],
20 silly audit   'babel-plugin-transform-flow-enums': [ '0.0.2' ],
20 silly audit   'babel-preset-current-node-syntax': [ '1.2.0' ],
20 silly audit   'babel-preset-expo': [ '54.0.10' ],
20 silly audit   'babel-preset-jest': [ '29.6.3' ],
20 silly audit   'base64-js': [ '1.5.1' ],
20 silly audit   'baseline-browser-mapping': [ '2.10.20' ],
20 silly audit   'better-opn': [ '3.0.2' ],
20 silly audit   open: [ '8.4.2', '7.4.2' ],
20 silly audit   'big-integer': [ '1.6.52' ],
20 silly audit   'bplist-creator': [ '0.1.0' ],
20 silly audit   'bplist-parser': [ '0.3.1' ],
20 silly audit   braces: [ '3.0.3' ],
20 silly audit   browserslist: [ '4.28.2' ],
20 silly audit   bser: [ '2.1.1' ],
20 silly audit   buffer: [ '5.7.1' ],
20 silly audit   'buffer-from': [ '1.1.2' ],
20 silly audit   bytes: [ '3.1.2' ],
20 silly audit   'cacheable-lookup': [ '5.0.4' ],
20 silly audit   'cacheable-request': [ '7.0.4' ],
20 silly audit   'call-bind': [ '1.0.9' ],
20 silly audit   'call-bind-apply-helpers': [ '1.0.2' ],
20 silly audit   'call-bound': [ '1.0.4' ],
20 silly audit   callsites: [ '3.1.0' ],
20 silly audit   'caniuse-lite': [ '1.0.30001790' ],
20 silly audit   chownr: [ '3.0.0' ],
20 silly audit   'chrome-launcher': [ '0.15.2' ],
20 silly audit   'chromium-edge-launcher': [ '0.2.0' ],
20 silly audit   'ci-info': [ '2.0.0', '3.9.0' ],
20 silly audit   'cli-cursor': [ '2.1.0' ],
20 silly audit   'cli-spinners': [ '2.9.2' ],
20 silly audit   'client-only': [ '0.0.1' ],
20 silly audit   cliui: [ '8.0.1' ],
20 silly audit   clone: [ '1.0.4' ],
20 silly audit   'clone-response': [ '1.0.3' ],
20 silly audit   color: [ '4.2.3', '3.2.1' ],
20 silly audit   'color-string': [ '1.9.1' ],
20 silly audit   commander: [ '7.2.0', '12.1.0', '4.1.1', '2.20.3' ],
20 silly audit   compressible: [ '2.0.18' ],
20 silly audit   compression: [ '1.8.1' ],
20 silly audit   ms: [ '2.0.0', '2.1.3' ],
20 silly audit   negotiator: [ '0.6.4', '0.6.3' ],
20 silly audit   'concat-map': [ '0.0.1' ],
20 silly audit   connect: [ '3.7.0' ],
20 silly audit   'convert-source-map': [ '2.0.0' ],
20 silly audit   'core-js-compat': [ '3.49.0' ],
20 silly audit   'cross-fetch': [ '3.2.0' ],
20 silly audit   'cross-spawn': [ '7.0.6' ],
20 silly audit   'css-in-js-utils': [ '3.1.0' ],
20 silly audit   csstype: [ '3.2.3' ],
20 silly audit   'data-view-buffer': [ '1.0.2' ],
20 silly audit   'data-view-byte-length': [ '1.0.2' ],
20 silly audit   'data-view-byte-offset': [ '1.0.1' ],
20 silly audit   'decode-uri-component': [ '0.2.2' ],
20 silly audit   'decompress-response': [ '6.0.0' ],
20 silly audit   'mimic-response': [ '3.1.0', '1.0.1' ],
20 silly audit   'deep-extend': [ '0.6.0' ],
20 silly audit   'deep-is': [ '0.1.4' ],
20 silly audit   defaults: [ '1.0.4' ],
20 silly audit   'defer-to-connect': [ '2.0.1' ],
20 silly audit   'define-data-property': [ '1.1.4' ],
20 silly audit   'define-lazy-prop': [ '2.0.0' ],
20 silly audit   'define-properties': [ '1.2.1' ],
20 silly audit   depd: [ '2.0.0' ],
20 silly audit   destroy: [ '1.2.0' ],
20 silly audit   'detect-libc': [ '2.1.2' ],
20 silly audit   'detect-node-es': [ '1.1.0' ],
20 silly audit   doctrine: [ '2.1.0' ],
20 silly audit   dotenv: [ '16.4.7' ],
20 silly audit   'dotenv-expand': [ '11.0.7' ],
20 silly audit   'dunder-proto': [ '1.0.1' ],
20 silly audit   'ee-first': [ '1.1.1' ],
20 silly audit   'electron-to-chromium': [ '1.5.343' ],
20 silly audit   'emoji-regex': [ '8.0.0' ],
20 silly audit   encodeurl: [ '1.0.2', '2.0.0' ],
20 silly audit   'end-of-stream': [ '1.4.5' ],
20 silly audit   'env-editor': [ '0.4.2' ],
20 silly audit   'error-stack-parser': [ '2.1.4' ],
20 silly audit   'es-abstract': [ '1.24.2' ],
20 silly audit   'es-define-property': [ '1.0.1' ],
20 silly audit   'es-errors': [ '1.3.0' ],
20 silly audit   'es-iterator-helpers': [ '1.3.2' ],
20 silly audit   'es-object-atoms': [ '1.1.1' ],
20 silly audit   'es-set-tostringtag': [ '2.1.0' ],
20 silly audit   'es-shim-unscopables': [ '1.1.0' ],
20 silly audit   'es-to-primitive': [ '1.3.0' ],
20 silly audit   escalade: [ '3.2.0' ],
20 silly audit   'escape-html': [ '1.0.3' ],
20 silly audit   eslint: [ '9.39.4' ],
20 silly audit   'eslint-config-expo': [ '10.0.0' ],
20 silly audit   globals: [ '16.5.0', '14.0.0' ],
20 silly audit   'eslint-import-resolver-node': [ '0.3.10' ],
20 silly audit   'eslint-import-resolver-typescript': [ '3.10.1' ],
20 silly audit   'eslint-module-utils': [ '2.12.1' ],
20 silly audit   'eslint-plugin-expo': [ '1.0.0' ],
20 silly audit   'eslint-plugin-import': [ '2.32.0' ],
20 silly audit   'eslint-plugin-react': [ '7.37.5' ],
20 silly audit   'eslint-plugin-react-hooks': [ '5.2.0' ],
20 silly audit   'eslint-scope': [ '8.4.0' ],
20 silly audit   espree: [ '10.4.0' ],
20 silly audit   esprima: [ '4.0.1' ],
20 silly audit   esquery: [ '1.7.0' ],
20 silly audit   esrecurse: [ '4.3.0' ],
20 silly audit   estraverse: [ '5.3.0' ],
20 silly audit   esutils: [ '2.0.3' ],
20 silly audit   etag: [ '1.8.1' ],
20 silly audit   'event-target-shim': [ '5.0.1' ],
20 silly audit   expo: [ '54.0.33' ],
20 silly audit   'expo-asset': [ '12.0.12' ],
20 silly audit   'expo-constants': [ '18.0.13' ],
20 silly audit   'expo-file-system': [ '19.0.21' ],
20 silly audit   'expo-font': [ '14.0.11' ],
20 silly audit   'expo-haptics': [ '15.0.8' ],
20 silly audit   'expo-image': [ '3.0.11' ],
20 silly audit   'expo-keep-awake': [ '15.0.8' ],
20 silly audit   'expo-linking': [ '8.0.11' ],
20 silly audit   'expo-modules-autolinking': [ '3.0.24' ],
20 silly audit   'expo-modules-core': [ '3.0.29' ],
20 silly audit   'expo-router': [ '6.0.23' ],
20 silly audit   '@radix-ui/react-collection': [ '1.1.7' ],
20 silly audit   '@radix-ui/react-presence': [ '1.1.5' ],
20 silly audit   '@radix-ui/react-primitive': [ '2.1.3' ],
20 silly audit   '@radix-ui/react-roving-focus': [ '1.1.11' ],
20 silly audit   '@radix-ui/react-tabs': [ '1.1.13' ],
20 silly audit   'expo-server': [ '1.0.5' ],
20 silly audit   'expo-splash-screen': [ '31.0.13' ],
20 silly audit   'expo-status-bar': [ '3.0.9' ],
20 silly audit   'expo-symbols': [ '1.0.8' ],
20 silly audit   'expo-system-ui': [ '6.0.9' ],
20 silly audit   'expo-web-browser': [ '15.0.10' ],
20 silly audit   '@expo/cli': [ '54.0.23' ],
20 silly audit   picomatch: [ '3.0.2', '2.3.2', '4.0.4' ],
20 silly audit   'exponential-backoff': [ '3.1.3' ],
20 silly audit   'fast-deep-equal': [ '3.1.3' ],
20 silly audit   'fast-json-stable-stringify': [ '2.1.0' ],
20 silly audit   'fast-levenshtein': [ '2.0.6' ],
20 silly audit   'fb-watchman': [ '2.0.2' ],
20 silly audit   fbjs: [ '3.0.5' ],
20 silly audit   'fbjs-css-vars': [ '1.0.2' ],
20 silly audit   promise: [ '7.3.1', '8.3.0' ],
20 silly audit   'file-entry-cache': [ '8.0.0' ],
20 silly audit   'fill-range': [ '7.1.1' ],
20 silly audit   'filter-obj': [ '1.1.0' ],
20 silly audit   finalhandler: [ '1.1.2' ],
20 silly audit   'flat-cache': [ '4.0.1' ],
20 silly audit   flatted: [ '3.4.2' ],
20 silly audit   'flow-enums-runtime': [ '0.0.6' ],
20 silly audit   fontfaceobserver: [ '2.3.0' ],
20 silly audit   'for-each': [ '0.3.5' ],
20 silly audit   'freeport-async': [ '2.0.0' ],
20 silly audit   fresh: [ '0.5.2' ],
20 silly audit   'fs.realpath': [ '1.0.0' ],
20 silly audit   fsevents: [ '2.3.3' ],
20 silly audit   'function-bind': [ '1.1.2' ],
20 silly audit   'function.prototype.name': [ '1.1.8' ],
20 silly audit   'functions-have-names': [ '1.2.3' ],
20 silly audit   'generator-function': [ '2.0.1' ],
20 silly audit   gensync: [ '1.0.0-beta.2' ],
20 silly audit   'get-caller-file': [ '2.0.5' ],
20 silly audit   'get-intrinsic': [ '1.3.0' ],
20 silly audit   'get-nonce': [ '1.0.1' ],
20 silly audit   'get-package-type': [ '0.1.0' ],
20 silly audit   'get-proto': [ '1.0.1' ],
20 silly audit   'get-stream': [ '5.2.0' ],
20 silly audit   'get-symbol-description': [ '1.1.0' ],
20 silly audit   'get-tsconfig': [ '4.14.0' ],
20 silly audit   getenv: [ '2.0.0' ],
20 silly audit   'glob-parent': [ '6.0.2' ],
20 silly audit   globalthis: [ '1.0.4' ],
20 silly audit   gopd: [ '1.2.0' ],
20 silly audit   got: [ '11.8.6' ],
20 silly audit   'graceful-fs': [ '4.2.11' ],
20 silly audit   'has-bigints': [ '1.1.0' ],
20 silly audit   'has-property-descriptors': [ '1.0.2' ],
20 silly audit   'has-proto': [ '1.2.0' ],
20 silly audit   'has-symbols': [ '1.1.0' ],
20 silly audit   'has-tostringtag': [ '1.0.2' ],
20 silly audit   hasown: [ '2.0.3' ],
20 silly audit   'hermes-estree': [ '0.29.1', '0.32.0' ],
20 silly audit   'hermes-parser': [ '0.29.1', '0.32.0' ],
20 silly audit   'hoist-non-react-statics': [ '3.3.2' ],
20 silly audit   'react-is': [ '16.13.1', '18.3.1', '19.2.5' ],
20 silly audit   'hosted-git-info': [ '7.0.2' ],
20 silly audit   'lru-cache': [ '10.4.3', '5.1.1', '11.3.5' ],
20 silly audit   'http-cache-semantics': [ '4.2.0' ],
20 silly audit   'http-errors': [ '2.0.1' ],
20 silly audit   statuses: [ '2.0.2', '1.5.0' ],
20 silly audit   'http2-wrapper': [ '1.0.3' ],
20 silly audit   'https-proxy-agent': [ '7.0.6' ],
20 silly audit   'hyphenate-style-name': [ '1.1.0' ],
20 silly audit   idb: [ '8.0.3' ],
20 silly audit   ieee754: [ '1.2.1' ],
20 silly audit   'image-size': [ '1.2.1' ],
20 silly audit   'import-fresh': [ '3.3.1' ],
20 silly audit   'resolve-from': [ '4.0.0', '5.0.0' ],
20 silly audit   imurmurhash: [ '0.1.4' ],
20 silly audit   inflight: [ '1.0.6' ],
20 silly audit   inherits: [ '2.0.4' ],
20 silly audit   ini: [ '1.3.8' ],
20 silly audit   'inline-style-prefixer': [ '7.0.1' ],
20 silly audit   'internal-slot': [ '1.1.0' ],
20 silly audit   invariant: [ '2.2.4' ],
20 silly audit   'is-array-buffer': [ '3.0.5' ],
20 silly audit   'is-arrayish': [ '0.3.4' ],
20 silly audit   'is-async-function': [ '2.1.1' ],
20 silly audit   'is-bigint': [ '1.1.0' ],
20 silly audit   'is-boolean-object': [ '1.2.2' ],
20 silly audit   'is-bun-module': [ '2.0.0' ],
20 silly audit   'is-callable': [ '1.2.7' ],
20 silly audit   'is-core-module': [ '2.16.1' ],
20 silly audit   'is-data-view': [ '1.0.2' ],
20 silly audit   'is-date-object': [ '1.1.0' ],
20 silly audit   'is-docker': [ '2.2.1' ],
20 silly audit   'is-extglob': [ '2.1.1' ],
20 silly audit   'is-finalizationregistry': [ '1.1.1' ],
20 silly audit   'is-fullwidth-code-point': [ '3.0.0' ],
20 silly audit   'is-generator-function': [ '1.1.2' ],
20 silly audit   'is-glob': [ '4.0.3' ],
20 silly audit   'is-map': [ '2.0.3' ],
20 silly audit   'is-negative-zero': [ '2.0.3' ],
20 silly audit   'is-number': [ '7.0.0' ],
20 silly audit   'is-number-object': [ '1.1.1' ],
20 silly audit   'is-regex': [ '1.2.1' ],
20 silly audit   'is-set': [ '2.0.3' ],
20 silly audit   'is-shared-array-buffer': [ '1.0.4' ],
20 silly audit   'is-string': [ '1.1.1' ],
20 silly audit   'is-symbol': [ '1.1.1' ],
20 silly audit   'is-typed-array': [ '1.1.15' ],
20 silly audit   'is-weakmap': [ '2.0.2' ],
20 silly audit   'is-weakref': [ '1.1.1' ],
20 silly audit   'is-weakset': [ '2.0.4' ],
20 silly audit   'is-wsl': [ '2.2.0' ],
20 silly audit   isarray: [ '2.0.5' ],
20 silly audit   isexe: [ '2.0.0' ],
20 silly audit   'istanbul-lib-coverage': [ '3.2.2' ],
20 silly audit   'istanbul-lib-instrument': [ '5.2.1' ],
20 silly audit   'iterator.prototype': [ '1.1.5' ],
20 silly audit   'jest-environment-node': [ '29.7.0' ],
20 silly audit   'jest-get-type': [ '29.6.3' ],
20 silly audit   'jest-haste-map': [ '29.7.0' ],
20 silly audit   'jest-message-util': [ '29.7.0' ],
20 silly audit   'jest-mock': [ '29.7.0' ],
20 silly audit   'jest-regex-util': [ '29.6.3' ],
20 silly audit   'jest-util': [ '29.7.0' ],
20 silly audit   'jest-validate': [ '29.7.0' ],
20 silly audit   'jest-worker': [ '29.7.0' ],
20 silly audit   'jimp-compact': [ '0.16.1' ],
20 silly audit   'js-tokens': [ '4.0.0' ],
20 silly audit   'jsc-safe-url': [ '0.2.4' ],
20 silly audit   jsesc: [ '3.1.0' ],
20 silly audit   'json-buffer': [ '3.0.1' ],
20 silly audit   'json-schema-traverse': [ '0.4.1' ],
20 silly audit   'json-stable-stringify-without-jsonify': [ '1.0.1' ],
20 silly audit   json5: [ '2.2.3', '1.0.2' ],
20 silly audit   'jsx-ast-utils': [ '3.3.5' ],
20 silly audit   keyv: [ '4.5.4' ],
20 silly audit   kleur: [ '3.0.3' ],
20 silly audit   'lan-network': [ '0.1.7' ],
20 silly audit   leven: [ '3.1.0' ],
20 silly audit   levn: [ '0.4.1' ],
20 silly audit   'lighthouse-logger': [ '1.4.2' ],
20 silly audit   lightningcss: [ '1.32.0' ],
20 silly audit   'lightningcss-android-arm64': [ '1.32.0' ],
20 silly audit   'lightningcss-darwin-arm64': [ '1.32.0' ],
20 silly audit   'lightningcss-darwin-x64': [ '1.32.0' ],
20 silly audit   'lightningcss-freebsd-x64': [ '1.32.0' ],
20 silly audit   'lightningcss-linux-arm-gnueabihf': [ '1.32.0' ],
20 silly audit   'lightningcss-linux-arm64-gnu': [ '1.32.0' ],
20 silly audit   'lightningcss-linux-arm64-musl': [ '1.32.0' ],
20 silly audit   'lightningcss-linux-x64-gnu': [ '1.32.0' ],
20 silly audit   'lightningcss-linux-x64-musl': [ '1.32.0' ],
20 silly audit   'lightningcss-win32-arm64-msvc': [ '1.32.0' ],
20 silly audit   'lightningcss-win32-x64-msvc': [ '1.32.0' ],
20 silly audit   'lines-and-columns': [ '1.2.4' ],
20 silly audit   'lodash.debounce': [ '4.0.8' ],
20 silly audit   'lodash.merge': [ '4.6.2' ],
20 silly audit   'lodash.throttle': [ '4.1.1' ],
20 silly audit   'log-symbols': [ '2.2.0' ],
20 silly audit   'loose-envify': [ '1.4.0' ],
20 silly audit   'lowercase-keys': [ '2.0.0' ],
20 silly audit   makeerror: [ '1.0.12' ],
20 silly audit   marky: [ '1.3.0' ],
20 silly audit   'math-intrinsics': [ '1.1.0' ],
20 silly audit   'memoize-one': [ '5.2.1', '6.0.0' ],
20 silly audit   'merge-stream': [ '2.0.0' ],
20 silly audit   metro: [ '0.83.3' ],
20 silly audit   'metro-babel-transformer': [ '0.83.3' ],
20 silly audit   'metro-cache': [ '0.83.3' ],
20 silly audit   'metro-cache-key': [ '0.83.3' ],
20 silly audit   'metro-config': [ '0.83.3' ],
20 silly audit   'metro-core': [ '0.83.3' ],
20 silly audit   'metro-file-map': [ '0.83.3' ],
20 silly audit   'metro-minify-terser': [ '0.83.3' ],
20 silly audit   'metro-resolver': [ '0.83.3' ],
20 silly audit   'metro-runtime': [ '0.83.3' ],
20 silly audit   'metro-source-map': [ '0.83.3' ],
20 silly audit   'metro-symbolicate': [ '0.83.3' ],
20 silly audit   'metro-transform-plugins': [ '0.83.3' ],
20 silly audit   'metro-transform-worker': [ '0.83.3' ],
20 silly audit   micromatch: [ '4.0.8' ],
20 silly audit   mime: [ '1.6.0' ],
20 silly audit   'mime-db': [ '1.52.0' ],
20 silly audit   'mime-types': [ '2.1.35' ],
20 silly audit   'mimic-fn': [ '1.2.0' ],
20 silly audit   minimist: [ '1.2.8' ],
20 silly audit   minipass: [ '7.1.3' ],
20 silly audit   minizlib: [ '3.1.0' ],
20 silly audit   mkdirp: [ '1.0.4' ],
20 silly audit   mz: [ '2.7.0' ],
20 silly audit   nanoid: [ '3.3.11' ],
20 silly audit   'napi-postinstall': [ '0.3.4' ],
20 silly audit   'natural-compare': [ '1.4.0' ],
20 silly audit   'nested-error-stacks': [ '2.0.1' ],
20 silly audit   'node-exports-info': [ '1.6.0' ],
20 silly audit   'node-fetch': [ '2.7.0' ],
20 silly audit   'node-forge': [ '1.4.0' ],
20 silly audit   'node-int64': [ '0.4.0' ],
20 silly audit   'node-releases': [ '2.0.38' ],
20 silly audit   'normalize-path': [ '3.0.0' ],
20 silly audit   'normalize-url': [ '6.1.0' ],
20 silly audit   'npm-package-arg': [ '11.0.3' ],
20 silly audit   nullthrows: [ '1.1.1' ],
20 silly audit   ob1: [ '0.83.3' ],
20 silly audit   'object-assign': [ '4.1.1' ],
20 silly audit   'object-inspect': [ '1.13.4' ],
20 silly audit   'object-keys': [ '1.1.1' ],
20 silly audit   'object.assign': [ '4.1.7' ],
20 silly audit   'object.entries': [ '1.1.9' ],
20 silly audit   'object.fromentries': [ '2.0.8' ],
20 silly audit   'object.groupby': [ '1.0.3' ],
20 silly audit   'object.values': [ '1.2.1' ],
20 silly audit   'on-finished': [ '2.3.0', '2.4.1' ],
20 silly audit   'on-headers': [ '1.1.0' ],
20 silly audit   once: [ '1.4.0' ],
20 silly audit   onetime: [ '2.0.1' ],
20 silly audit   optionator: [ '0.9.4' ],
20 silly audit   ora: [ '3.4.0' ],
20 silly audit   'strip-ansi': [ '5.2.0', '6.0.1' ],
20 silly audit   'own-keys': [ '1.0.1' ],
20 silly audit   'p-cancelable': [ '2.1.1' ],
20 silly audit   'p-try': [ '2.2.0' ],
20 silly audit   'parent-module': [ '1.0.1' ],
20 silly audit   'parse-png': [ '2.1.0' ],
20 silly audit   parseurl: [ '1.3.3' ],
20 silly audit   'path-exists': [ '4.0.0' ],
20 silly audit   'path-is-absolute': [ '1.0.1' ],
20 silly audit   'path-key': [ '3.1.1' ],
20 silly audit   'path-parse': [ '1.0.7' ],
20 silly audit   'path-scurry': [ '2.0.2' ],
20 silly audit   picocolors: [ '1.1.1' ],
20 silly audit   pirates: [ '4.0.7' ],
20 silly audit   plist: [ '3.1.0' ],
20 silly audit   pngjs: [ '3.4.0' ],
20 silly audit   'possible-typed-array-names': [ '1.1.0' ],
20 silly audit   postcss: [ '8.4.49' ],
20 silly audit   'postcss-value-parser': [ '4.2.0' ],
20 silly audit   'prelude-ls': [ '1.2.1' ],
20 silly audit   'pretty-bytes': [ '5.6.0' ],
20 silly audit   'pretty-format': [ '29.7.0' ],
20 silly audit   'proc-log': [ '4.2.0' ],
20 silly audit   progress: [ '2.0.3' ],
20 silly audit   prompts: [ '2.4.2' ],
20 silly audit   'prop-types': [ '15.8.1' ],
20 silly audit   pump: [ '3.0.4' ],
20 silly audit   punycode: [ '2.3.1' ],
20 silly audit   'qrcode-terminal': [ '0.11.0' ],
20 silly audit   'query-string': [ '7.1.3' ],
20 silly audit   queue: [ '6.0.2' ],
20 silly audit   'quick-lru': [ '5.1.1' ],
20 silly audit   'range-parser': [ '1.2.1' ],
20 silly audit   rc: [ '1.2.8' ],
20 silly audit   'strip-json-comments': [ '2.0.1', '3.1.1' ],
20 silly audit   react: [ '19.1.0' ],
20 silly audit   'react-devtools-core': [ '6.1.5' ],
20 silly audit   'react-dom': [ '19.1.0' ],
20 silly audit   'react-fast-compare': [ '3.2.2' ],
20 silly audit   'react-freeze': [ '1.0.4' ],
20 silly audit   'react-native': [ '0.81.5' ],
20 silly audit   'react-native-gesture-handler': [ '2.28.0' ],
20 silly audit   'react-native-is-edge-to-edge': [ '1.3.1' ],
20 silly audit   'react-native-paper': [ '5.15.1' ],
20 silly audit   'react-native-reanimated': [ '4.1.7' ],
20 silly audit   'react-native-safe-area-context': [ '5.6.2' ],
20 silly audit   'react-native-screens': [ '4.16.0' ],
20 silly audit   'react-native-web': [ '0.21.2' ],
20 silly audit   'react-native-worklets': [ '0.5.1' ],
20 silly audit   '@react-native/virtualized-lists': [ '0.81.5' ],
20 silly audit   'react-refresh': [ '0.14.2' ],
20 silly audit   'react-remove-scroll': [ '2.7.2' ],
20 silly audit   'react-remove-scroll-bar': [ '2.3.8' ],
20 silly audit   'react-style-singleton': [ '2.2.3' ],
20 silly audit   'reflect.getprototypeof': [ '1.0.10' ],
20 silly audit   regenerate: [ '1.4.2' ],
20 silly audit   'regenerate-unicode-properties': [ '10.2.2' ],
20 silly audit   'regenerator-runtime': [ '0.13.11' ],
20 silly audit   'regexp.prototype.flags': [ '1.5.4' ],
20 silly audit   'regexpu-core': [ '6.4.0' ],
20 silly audit   regjsgen: [ '0.8.0' ],
20 silly audit   regjsparser: [ '0.13.1' ],
20 silly audit   'require-directory': [ '2.1.1' ],
20 silly audit   'require-from-string': [ '2.0.2' ],
20 silly audit   requireg: [ '0.2.2' ],
20 silly audit   'resolve-alpn': [ '1.2.1' ],
20 silly audit   'resolve-pkg-maps': [ '1.0.0' ],
20 silly audit   'resolve-workspace-root': [ '2.0.1' ],
20 silly audit   'resolve.exports': [ '2.0.3' ],
20 silly audit   responselike: [ '2.0.1' ],
20 silly audit   'restore-cursor': [ '2.0.0' ],
20 silly audit   rimraf: [ '3.0.2' ],
20 silly audit   'safe-array-concat': [ '1.1.4' ],
20 silly audit   'safe-buffer': [ '5.2.1' ],
20 silly audit   'safe-push-apply': [ '1.0.0' ],
20 silly audit   'safe-regex-test': [ '1.1.0' ],
20 silly audit   sax: [ '1.6.0' ],
20 silly audit   scheduler: [ '0.26.0' ],
20 silly audit   send: [ '0.19.2' ],
20 silly audit   'serialize-error': [ '2.1.0' ],
20 silly audit   'serve-static': [ '1.16.3' ],
20 silly audit   'server-only': [ '0.0.1' ],
20 silly audit   'set-function-length': [ '1.2.2' ],
20 silly audit   'set-function-name': [ '2.0.2' ],
20 silly audit   'set-proto': [ '1.0.0' ],
20 silly audit   setimmediate: [ '1.0.5' ],
20 silly audit   setprototypeof: [ '1.2.0' ],
20 silly audit   'sf-symbols-typescript': [ '2.2.0' ],
20 silly audit   shallowequal: [ '1.1.0' ],
20 silly audit   'shebang-command': [ '2.0.0' ],
20 silly audit   'shebang-regex': [ '3.0.0' ],
20 silly audit   'shell-quote': [ '1.8.3' ],
20 silly audit   'side-channel': [ '1.1.0' ],
20 silly audit   'side-channel-list': [ '1.0.1' ],
20 silly audit   'side-channel-map': [ '1.0.1' ],
20 silly audit   'side-channel-weakmap': [ '1.0.2' ],
20 silly audit   'signal-exit': [ '3.0.7' ],
20 silly audit   'simple-plist': [ '1.3.1' ],
20 silly audit   'simple-swizzle': [ '0.2.4' ],
20 silly audit   sisteransi: [ '1.0.5' ],
20 silly audit   slash: [ '3.0.0' ],
20 silly audit   slugify: [ '1.6.9' ],
20 silly audit   'source-map': [ '0.5.7', '0.6.1' ],
20 silly audit   'source-map-js': [ '1.2.1' ],
20 silly audit   'source-map-support': [ '0.5.21' ],
20 silly audit   'split-on-first': [ '1.1.0' ],
20 silly audit   'sprintf-js': [ '1.0.3' ],
20 silly audit   'stable-hash': [ '0.0.5' ],
20 silly audit   'stack-utils': [ '2.0.6' ],
20 silly audit   stackframe: [ '1.3.4' ],
20 silly audit   'stacktrace-parser': [ '0.1.11' ],
20 silly audit   'stop-iteration-iterator': [ '1.1.0' ],
20 silly audit   'stream-buffers': [ '2.2.0' ],
20 silly audit   'strict-uri-encode': [ '2.0.0' ],
20 silly audit   'string-width': [ '4.2.3' ],
20 silly audit   'string.prototype.matchall': [ '4.0.12' ],
20 silly audit   'string.prototype.repeat': [ '1.0.0' ],
20 silly audit   'string.prototype.trim': [ '1.2.10' ],
20 silly audit   'string.prototype.trimend': [ '1.0.9' ],
20 silly audit   'string.prototype.trimstart': [ '1.0.8' ],
20 silly audit   'strip-bom': [ '3.0.0' ],
20 silly audit   'structured-headers': [ '0.4.1' ],
20 silly audit   styleq: [ '0.1.3' ],
20 silly audit   sucrase: [ '3.35.1' ],
20 silly audit   'supports-hyperlinks': [ '2.3.0' ],
20 silly audit   'supports-preserve-symlinks-flag': [ '1.0.0' ],
20 silly audit   tar: [ '7.5.13' ],
20 silly audit   yallist: [ '5.0.0', '3.1.1' ],
20 silly audit   'terminal-link': [ '2.1.1' ],
20 silly audit   terser: [ '5.46.1' ],
20 silly audit   'test-exclude': [ '6.0.0' ],
20 silly audit   thenify: [ '3.3.1' ],
20 silly audit   'thenify-all': [ '1.6.0' ],
20 silly audit   throat: [ '5.0.0' ],
20 silly audit   tinyglobby: [ '0.2.16' ],
20 silly audit   fdir: [ '6.5.0' ],
20 silly audit   tmpl: [ '1.0.5' ],
20 silly audit   'to-regex-range': [ '5.0.1' ],
20 silly audit   toidentifier: [ '1.0.1' ],
20 silly audit   tr46: [ '0.0.3' ],
20 silly audit   'ts-api-utils': [ '2.5.0' ],
20 silly audit   'ts-interface-checker': [ '0.1.13' ],
20 silly audit   'tsconfig-paths': [ '3.15.0' ],
20 silly audit   tslib: [ '2.8.1' ],
20 silly audit   'type-check': [ '0.4.0' ],
20 silly audit   'type-detect': [ '4.0.8' ],
20 silly audit   'typed-array-buffer': [ '1.0.3' ],
20 silly audit   'typed-array-byte-length': [ '1.0.3' ],
20 silly audit   'typed-array-byte-offset': [ '1.0.4' ],
20 silly audit   'typed-array-length': [ '1.0.7' ],
20 silly audit   typescript: [ '5.9.3' ],
20 silly audit   'ua-parser-js': [ '1.0.41' ],
20 silly audit   'unbox-primitive': [ '1.1.0' ],
20 silly audit   undici: [ '6.25.0' ],
20 silly audit   'undici-types': [ '7.19.2' ],
20 silly audit   'unicode-canonical-property-names-ecmascript': [ '2.0.1' ],
20 silly audit   'unicode-match-property-ecmascript': [ '2.0.0' ],
20 silly audit   'unicode-match-property-value-ecmascript': [ '2.2.1' ],
20 silly audit   'unicode-property-aliases-ecmascript': [ '2.2.0' ],
20 silly audit   unpipe: [ '1.0.0' ],
20 silly audit   'unrs-resolver': [ '1.11.1' ],
20 silly audit   'update-browserslist-db': [ '1.2.3' ],
20 silly audit   'uri-js': [ '4.4.1' ],
20 silly audit   'use-callback-ref': [ '1.3.3' ],
20 silly audit   'use-latest-callback': [ '0.2.6' ],
20 silly audit   'use-sidecar': [ '1.1.3' ],
20 silly audit   'use-sync-external-store': [ '1.6.0' ],
20 silly audit   'utils-merge': [ '1.0.1' ],
20 silly audit   'validate-npm-package-name': [ '5.0.1' ],
20 silly audit   vary: [ '1.1.2' ],
20 silly audit   vaul: [ '1.1.2' ],
20 silly audit   '@radix-ui/react-dialog': [ '1.1.15' ],
20 silly audit   '@radix-ui/react-dismissable-layer': [ '1.1.11' ],
20 silly audit   '@radix-ui/react-focus-scope': [ '1.1.7' ],
20 silly audit   '@radix-ui/react-portal': [ '1.1.9' ],
20 silly audit   vlq: [ '1.0.1' ],
20 silly audit   walker: [ '1.0.8' ],
20 silly audit   'warn-once': [ '0.1.1' ],
20 silly audit   wcwidth: [ '1.0.1' ],
20 silly audit   'webidl-conversions': [ '3.0.1', '5.0.0' ],
20 silly audit   'whatwg-fetch': [ '3.6.20' ],
20 silly audit   'whatwg-url': [ '5.0.0' ],
20 silly audit   'whatwg-url-without-unicode': [ '8.0.0-3' ],
20 silly audit   which: [ '2.0.2' ],
20 silly audit   'which-boxed-primitive': [ '1.1.1' ],
20 silly audit   'which-builtin-type': [ '1.2.1' ],
20 silly audit   'which-collection': [ '1.0.2' ],
20 silly audit   'which-typed-array': [ '1.1.20' ],
20 silly audit   wonka: [ '6.3.6' ],
20 silly audit   'word-wrap': [ '1.2.5' ],
20 silly audit   'wrap-ansi': [ '7.0.0' ],
20 silly audit   wrappy: [ '1.0.2' ],
20 silly audit   'write-file-atomic': [ '4.0.2' ],
20 silly audit   xcode: [ '3.0.1' ],
20 silly audit   xml2js: [ '0.6.0' ],
20 silly audit   xmlbuilder: [ '11.0.1', '15.1.1' ],
20 silly audit   y18n: [ '5.0.8' ],
20 silly audit   yargs: [ '17.7.2' ],
20 silly audit   'yargs-parser': [ '21.1.1' ],
20 silly audit   'yocto-queue': [ '0.1.0' ],
20 silly audit   'jwt-decode': [ '4.0.0' ]
20 silly audit }
21 verbose reify failed optional dependency /home/app/node_modules/lightningcss-win32-x64-msvc
22 silly reify mark deleted [ '/home/app/node_modules/lightningcss-win32-x64-msvc' ]
23 verbose reify failed optional dependency /home/app/node_modules/lightningcss-win32-arm64-msvc
24 silly reify mark deleted [ '/home/app/node_modules/lightningcss-win32-arm64-msvc' ]
25 verbose reify failed optional dependency /home/app/node_modules/lightningcss-linux-arm64-musl
26 silly reify mark deleted [ '/home/app/node_modules/lightningcss-linux-arm64-musl' ]
27 verbose reify failed optional dependency /home/app/node_modules/lightningcss-linux-arm64-gnu
28 silly reify mark deleted [ '/home/app/node_modules/lightningcss-linux-arm64-gnu' ]
29 verbose reify failed optional dependency /home/app/node_modules/lightningcss-linux-arm-gnueabihf
30 silly reify mark deleted [ '/home/app/node_modules/lightningcss-linux-arm-gnueabihf' ]
31 verbose reify failed optional dependency /home/app/node_modules/lightningcss-freebsd-x64
32 silly reify mark deleted [ '/home/app/node_modules/lightningcss-freebsd-x64' ]
33 verbose reify failed optional dependency /home/app/node_modules/lightningcss-darwin-x64
34 silly reify mark deleted [ '/home/app/node_modules/lightningcss-darwin-x64' ]
35 verbose reify failed optional dependency /home/app/node_modules/lightningcss-darwin-arm64
36 silly reify mark deleted [ '/home/app/node_modules/lightningcss-darwin-arm64' ]
37 verbose reify failed optional dependency /home/app/node_modules/lightningcss-android-arm64
38 silly reify mark deleted [ '/home/app/node_modules/lightningcss-android-arm64' ]
39 verbose reify failed optional dependency /home/app/node_modules/fsevents
40 silly reify mark deleted [ '/home/app/node_modules/fsevents' ]
41 verbose reify failed optional dependency /home/app/node_modules/@unrs/resolver-binding-win32-x64-msvc
42 silly reify mark deleted [ '/home/app/node_modules/@unrs/resolver-binding-win32-x64-msvc' ]
43 verbose reify failed optional dependency /home/app/node_modules/@unrs/resolver-binding-win32-ia32-msvc
44 silly reify mark deleted [ '/home/app/node_modules/@unrs/resolver-binding-win32-ia32-msvc' ]
45 verbose reify failed optional dependency /home/app/node_modules/@unrs/resolver-binding-win32-arm64-msvc
46 silly reify mark deleted [ '/home/app/node_modules/@unrs/resolver-binding-win32-arm64-msvc' ]
47 verbose reify failed optional dependency /home/app/node_modules/@unrs/resolver-binding-wasm32-wasi
48 silly reify mark deleted [ '/home/app/node_modules/@unrs/resolver-binding-wasm32-wasi' ]
49 verbose reify failed optional dependency /home/app/node_modules/@napi-rs/wasm-runtime
50 silly reify mark deleted [ '/home/app/node_modules/@napi-rs/wasm-runtime' ]
51 verbose reify failed optional dependency /home/app/node_modules/@emnapi/core
52 silly reify mark deleted [ '/home/app/node_modules/@emnapi/core' ]
53 verbose reify failed optional dependency /home/app/node_modules/@emnapi/runtime
54 silly reify mark deleted [ '/home/app/node_modules/@emnapi/runtime' ]
55 verbose reify failed optional dependency /home/app/node_modules/@tybys/wasm-util
56 silly reify mark deleted [ '/home/app/node_modules/@tybys/wasm-util' ]
57 verbose reify failed optional dependency /home/app/node_modules/@emnapi/wasi-threads
58 silly reify mark deleted [ '/home/app/node_modules/@emnapi/wasi-threads' ]
59 verbose reify failed optional dependency /home/app/node_modules/@unrs/resolver-binding-linux-s390x-gnu
60 silly reify mark deleted [ '/home/app/node_modules/@unrs/resolver-binding-linux-s390x-gnu' ]
61 verbose reify failed optional dependency /home/app/node_modules/@unrs/resolver-binding-linux-riscv64-musl
62 silly reify mark deleted [ '/home/app/node_modules/@unrs/resolver-binding-linux-riscv64-musl' ]
63 verbose reify failed optional dependency /home/app/node_modules/@unrs/resolver-binding-linux-riscv64-gnu
64 silly reify mark deleted [ '/home/app/node_modules/@unrs/resolver-binding-linux-riscv64-gnu' ]
65 verbose reify failed optional dependency /home/app/node_modules/@unrs/resolver-binding-linux-ppc64-gnu
66 silly reify mark deleted [ '/home/app/node_modules/@unrs/resolver-binding-linux-ppc64-gnu' ]
67 verbose reify failed optional dependency /home/app/node_modules/@unrs/resolver-binding-linux-arm64-musl
68 silly reify mark deleted [ '/home/app/node_modules/@unrs/resolver-binding-linux-arm64-musl' ]
69 verbose reify failed optional dependency /home/app/node_modules/@unrs/resolver-binding-linux-arm64-gnu
70 silly reify mark deleted [ '/home/app/node_modules/@unrs/resolver-binding-linux-arm64-gnu' ]
71 verbose reify failed optional dependency /home/app/node_modules/@unrs/resolver-binding-linux-arm-musleabihf
72 silly reify mark deleted [
72 silly reify   '/home/app/node_modules/@unrs/resolver-binding-linux-arm-musleabihf'
72 silly reify ]
73 verbose reify failed optional dependency /home/app/node_modules/@unrs/resolver-binding-linux-arm-gnueabihf
74 silly reify mark deleted [ '/home/app/node_modules/@unrs/resolver-binding-linux-arm-gnueabihf' ]
75 verbose reify failed optional dependency /home/app/node_modules/@unrs/resolver-binding-freebsd-x64
76 silly reify mark deleted [ '/home/app/node_modules/@unrs/resolver-binding-freebsd-x64' ]
77 verbose reify failed optional dependency /home/app/node_modules/@unrs/resolver-binding-darwin-x64
78 silly reify mark deleted [ '/home/app/node_modules/@unrs/resolver-binding-darwin-x64' ]
79 verbose reify failed optional dependency /home/app/node_modules/@unrs/resolver-binding-darwin-arm64
80 silly reify mark deleted [ '/home/app/node_modules/@unrs/resolver-binding-darwin-arm64' ]
81 verbose reify failed optional dependency /home/app/node_modules/@unrs/resolver-binding-android-arm64
82 silly reify mark deleted [ '/home/app/node_modules/@unrs/resolver-binding-android-arm64' ]
83 verbose reify failed optional dependency /home/app/node_modules/@unrs/resolver-binding-android-arm-eabi
84 silly reify mark deleted [ '/home/app/node_modules/@unrs/resolver-binding-android-arm-eabi' ]
85 verbose reify failed optional dependency /home/app/node_modules/@expo/ngrok-bin-win32-x64
86 silly reify mark deleted [ '/home/app/node_modules/@expo/ngrok-bin-win32-x64' ]
87 verbose reify failed optional dependency /home/app/node_modules/@expo/ngrok-bin-win32-ia32
88 silly reify mark deleted [ '/home/app/node_modules/@expo/ngrok-bin-win32-ia32' ]
89 verbose reify failed optional dependency /home/app/node_modules/@expo/ngrok-bin-sunos-x64
90 silly reify mark deleted [ '/home/app/node_modules/@expo/ngrok-bin-sunos-x64' ]
91 verbose reify failed optional dependency /home/app/node_modules/@expo/ngrok-bin-linux-ia32
92 silly reify mark deleted [ '/home/app/node_modules/@expo/ngrok-bin-linux-ia32' ]
93 verbose reify failed optional dependency /home/app/node_modules/@expo/ngrok-bin-linux-arm64
94 silly reify mark deleted [ '/home/app/node_modules/@expo/ngrok-bin-linux-arm64' ]
95 verbose reify failed optional dependency /home/app/node_modules/@expo/ngrok-bin-linux-arm
96 silly reify mark deleted [ '/home/app/node_modules/@expo/ngrok-bin-linux-arm' ]
97 verbose reify failed optional dependency /home/app/node_modules/@expo/ngrok-bin-freebsd-x64
98 silly reify mark deleted [ '/home/app/node_modules/@expo/ngrok-bin-freebsd-x64' ]
99 verbose reify failed optional dependency /home/app/node_modules/@expo/ngrok-bin-freebsd-ia32
100 silly reify mark deleted [ '/home/app/node_modules/@expo/ngrok-bin-freebsd-ia32' ]
101 verbose reify failed optional dependency /home/app/node_modules/@expo/ngrok-bin-darwin-x64
102 silly reify mark deleted [ '/home/app/node_modules/@expo/ngrok-bin-darwin-x64' ]
103 verbose reify failed optional dependency /home/app/node_modules/@expo/ngrok-bin-darwin-arm64
104 silly reify mark deleted [ '/home/app/node_modules/@expo/ngrok-bin-darwin-arm64' ]
105 http cache @emnapi/core@https://registry.npmjs.org/@emnapi/core/-/core-1.10.0.tgz 0ms (cache hit)
106 http cache @emnapi/wasi-threads@https://registry.npmjs.org/@emnapi/wasi-threads/-/wasi-threads-1.2.1.tgz 0ms (cache hit)
107 http cache @tybys/wasm-util@https://registry.npmjs.org/@tybys/wasm-util/-/wasm-util-0.10.1.tgz 0ms (cache hit)
108 http cache @napi-rs/wasm-runtime@https://registry.npmjs.org/@napi-rs/wasm-runtime/-/wasm-runtime-0.2.12.tgz 0ms (cache hit)
109 http cache @emnapi/runtime@https://registry.npmjs.org/@emnapi/runtime/-/runtime-1.10.0.tgz 0ms (cache hit)
110 http fetch POST 200 https://registry.npmjs.org/-/npm/v1/security/advisories/bulk 282ms
111 silly audit report {
111 silly audit report   uuid: [
111 silly audit report     {
111 silly audit report       id: 1116970,
111 silly audit report       url: 'https://github.com/advisories/GHSA-w5hq-g745-h8pq',
111 silly audit report       title: 'uuid: Missing buffer bounds check in v3/v5/v6 when buf is provided',
111 silly audit report       severity: 'moderate',
111 silly audit report       vulnerable_versions: '<14.0.0',
111 silly audit report       cwe: [Array],
111 silly audit report       cvss: [Object]
111 silly audit report     }
111 silly audit report   ]
111 silly audit report }
112 silly packumentCache corgi:https://registry.npmjs.org/uuid cache-miss
113 http fetch GET 200 https://registry.npmjs.org/uuid 206ms (cache revalidated)
114 silly packumentCache corgi:https://registry.npmjs.org/uuid set size:72733 disposed:false
115 silly packumentCache corgi:https://registry.npmjs.org/@expo%2fngrok cache-miss
116 silly packumentCache corgi:https://registry.npmjs.org/xcode cache-miss
117 http fetch GET 200 https://registry.npmjs.org/xcode 307ms (cache revalidated)
118 silly packumentCache corgi:https://registry.npmjs.org/xcode set size:1850340 disposed:false
119 http fetch GET 200 https://registry.npmjs.org/@expo%2fngrok 688ms (cache revalidated)
120 silly packumentCache corgi:https://registry.npmjs.org/@expo%2fngrok set size:13323 disposed:false
121 silly packumentCache corgi:https://registry.npmjs.org/@expo%2fconfig-plugins cache-miss
122 http fetch GET 200 https://registry.npmjs.org/@expo%2fconfig-plugins 243ms (cache updated)
123 silly packumentCache corgi:https://registry.npmjs.org/@expo%2fconfig-plugins set size:undefined disposed:false
124 silly packumentCache corgi:https://registry.npmjs.org/@expo%2fconfig cache-miss
125 silly packumentCache corgi:https://registry.npmjs.org/@expo%2fprebuild-config cache-miss
126 silly packumentCache corgi:https://registry.npmjs.org/expo cache-miss
127 silly packumentCache corgi:https://registry.npmjs.org/@expo%2fcli cache-miss
128 http fetch GET 200 https://registry.npmjs.org/@expo%2fconfig 380ms (cache updated)
129 silly packumentCache corgi:https://registry.npmjs.org/@expo%2fconfig set size:undefined disposed:false
130 http fetch GET 200 https://registry.npmjs.org/@expo%2fcli 464ms (cache updated)
131 silly packumentCache corgi:https://registry.npmjs.org/@expo%2fcli set size:undefined disposed:false
132 http fetch GET 200 https://registry.npmjs.org/@expo%2fprebuild-config 629ms (cache updated)
133 silly packumentCache corgi:https://registry.npmjs.org/@expo%2fprebuild-config set size:undefined disposed:false
134 http fetch GET 200 https://registry.npmjs.org/expo 796ms (cache updated)
135 silly packumentCache corgi:https://registry.npmjs.org/expo set size:undefined disposed:false
136 silly packumentCache corgi:https://registry.npmjs.org/@expo%2fmetro-config cache-miss
137 silly packumentCache corgi:https://registry.npmjs.org/expo-constants cache-miss
138 http fetch GET 200 https://registry.npmjs.org/expo-constants 293ms (cache updated)
139 silly packumentCache corgi:https://registry.npmjs.org/expo-constants set size:undefined disposed:false
140 http fetch GET 200 https://registry.npmjs.org/@expo%2fmetro-config 362ms (cache updated)
141 silly packumentCache corgi:https://registry.npmjs.org/@expo%2fmetro-config set size:undefined disposed:false
142 silly packumentCache corgi:https://registry.npmjs.org/expo-splash-screen cache-miss
143 http fetch GET 200 https://registry.npmjs.org/expo-splash-screen 249ms (cache updated)
144 silly packumentCache corgi:https://registry.npmjs.org/expo-splash-screen set size:undefined disposed:false
145 silly packumentCache corgi:https://registry.npmjs.org/@expo%2fmetro-runtime cache-miss
146 silly packumentCache corgi:https://registry.npmjs.org/babel-preset-expo cache-miss
147 silly packumentCache corgi:https://registry.npmjs.org/expo-asset cache-miss
148 silly packumentCache corgi:https://registry.npmjs.org/expo-file-system cache-miss
149 silly packumentCache corgi:https://registry.npmjs.org/expo-font cache-miss
150 silly packumentCache corgi:https://registry.npmjs.org/expo-haptics cache-miss
151 silly packumentCache corgi:https://registry.npmjs.org/expo-image cache-miss
152 silly packumentCache corgi:https://registry.npmjs.org/expo-keep-awake cache-miss
153 silly packumentCache corgi:https://registry.npmjs.org/expo-router cache-miss
154 silly packumentCache corgi:https://registry.npmjs.org/expo-symbols cache-miss
155 silly packumentCache corgi:https://registry.npmjs.org/expo-system-ui cache-miss
156 silly packumentCache corgi:https://registry.npmjs.org/expo-web-browser cache-miss
157 http fetch GET 200 https://registry.npmjs.org/@expo%2fmetro-runtime 602ms (cache updated)
158 silly packumentCache corgi:https://registry.npmjs.org/@expo%2fmetro-runtime set size:undefined disposed:false
159 http fetch GET 200 https://registry.npmjs.org/expo-asset 615ms (cache updated)
160 silly packumentCache corgi:https://registry.npmjs.org/expo-asset set size:undefined disposed:false
161 http fetch GET 200 https://registry.npmjs.org/expo-file-system 649ms (cache updated)
162 silly packumentCache corgi:https://registry.npmjs.org/expo-file-system set size:undefined disposed:false
163 http fetch GET 200 https://registry.npmjs.org/expo-font 668ms (cache updated)
164 silly packumentCache corgi:https://registry.npmjs.org/expo-font set size:undefined disposed:false
165 http fetch GET 200 https://registry.npmjs.org/expo-symbols 795ms (cache updated)
166 silly packumentCache corgi:https://registry.npmjs.org/expo-symbols set size:undefined disposed:false
167 http fetch GET 200 https://registry.npmjs.org/expo-system-ui 831ms (cache updated)
168 silly packumentCache corgi:https://registry.npmjs.org/expo-system-ui set size:undefined disposed:false
169 http fetch GET 200 https://registry.npmjs.org/expo-web-browser 861ms (cache updated)
170 silly packumentCache corgi:https://registry.npmjs.org/expo-web-browser set size:undefined disposed:false
171 http fetch GET 200 https://registry.npmjs.org/expo-keep-awake 885ms (cache updated)
172 silly packumentCache corgi:https://registry.npmjs.org/expo-keep-awake set size:undefined disposed:false
173 http fetch GET 200 https://registry.npmjs.org/expo-haptics 898ms (cache updated)
174 silly packumentCache corgi:https://registry.npmjs.org/expo-haptics set size:undefined disposed:false
175 http fetch GET 200 https://registry.npmjs.org/expo-image 911ms (cache updated)
176 silly packumentCache corgi:https://registry.npmjs.org/expo-image set size:undefined disposed:false
177 http fetch GET 200 https://registry.npmjs.org/babel-preset-expo 959ms (cache updated)
178 silly packumentCache corgi:https://registry.npmjs.org/babel-preset-expo set size:undefined disposed:false
179 http fetch GET 200 https://registry.npmjs.org/expo-router 1000ms (cache updated)
180 silly packumentCache corgi:https://registry.npmjs.org/expo-router set size:undefined disposed:false
181 silly packumentCache corgi:https://registry.npmjs.org/expo-linking cache-miss
182 http fetch GET 200 https://registry.npmjs.org/expo-linking 283ms (cache updated)
183 silly packumentCache corgi:https://registry.npmjs.org/expo-linking set size:undefined disposed:false
184 silly ADD
185 silly ADD
186 silly ADD
187 silly ADD
188 silly ADD
189 silly ADD
190 silly ADD
191 silly ADD
192 silly ADD
193 silly ADD
194 silly ADD
195 silly ADD
196 silly ADD
197 silly ADD
198 silly ADD
199 silly ADD
200 silly ADD
201 silly ADD
202 silly ADD
203 silly ADD
204 silly ADD
205 silly ADD
206 silly ADD
207 silly ADD
208 silly ADD
209 silly ADD
210 silly ADD
211 silly ADD
212 silly ADD
213 silly ADD
214 silly ADD
215 silly ADD
216 silly ADD
217 silly ADD
218 silly ADD
219 silly ADD
220 silly ADD
221 silly ADD
222 silly ADD
223 silly ADD
224 silly ADD
225 silly ADD
226 verbose cwd /home/app
227 verbose os Linux 6.6.87.2-microsoft-standard-WSL2
228 verbose node v22.22.2
229 verbose npm  v10.9.7
230 verbose exit 0
231 info ok
